<?xml version="1.0" encoding="UTF-8"?>
<testng-results ignored="0" total="1" passed="1" failed="0" skipped="0">
  <reporter-output>
  </reporter-output>
  <suite started-at="2026-05-24T14:30:41 IST" name="Default suite" finished-at="2026-05-24T14:30:44 IST" duration-ms="3075">
    <groups>
    </groups>
    <test started-at="2026-05-24T14:30:41 IST" name="Default test" finished-at="2026-05-24T14:30:44 IST" duration-ms="3075">
      <class name="com.saucedemo.automation.SauceDemoProject.ApiTest">
        <test-method is-config="true" signature="setupConfig()[pri:0, instance:com.saucedemo.automation.SauceDemoProject.ApiTest@639c2c1d]" started-at="2026-05-24T14:30:41 IST" name="setupConfig" finished-at="2026-05-24T14:30:41 IST" duration-ms="369" status="PASS">
          <reporter-output>
          </reporter-output>
        </test-method> <!-- setupConfig -->
        <test-method signature="testLoginApiEndpoint()[pri:0, instance:com.saucedemo.automation.SauceDemoProject.ApiTest@639c2c1d]" started-at="2026-05-24T14:30:41 IST" name="testLoginApiEndpoint" finished-at="2026-05-24T14:30:44 IST" duration-ms="2668" status="PASS">
          <reporter-output>
          </reporter-output>
        </test-method> <!-- testLoginApiEndpoint -->
      </class> <!-- com.saucedemo.automation.SauceDemoProject.ApiTest -->
    </test> <!-- Default test -->
  </suite> <!-- Default suite -->
</testng-results>
