<?xml version="1.0" encoding="UTF-8"?>
<testng-results ignored="0" total="1" passed="1" failed="0" skipped="0">
  <reporter-output>
  </reporter-output>
  <suite started-at="2026-05-21T00:21:02 IST" name="Default suite" finished-at="2026-05-21T00:21:13 IST" duration-ms="10300">
    <groups>
    </groups>
    <test started-at="2026-05-21T00:21:02 IST" name="Default test" finished-at="2026-05-21T00:21:13 IST" duration-ms="10300">
      <class name="com.saucedemo.automation.SauceDemoProject.LoginTest">
        <test-method is-config="true" signature="setUp()[pri:0, instance:com.saucedemo.automation.SauceDemoProject.LoginTest@6302bbb1]" started-at="2026-05-21T00:21:02 IST" name="setUp" finished-at="2026-05-21T00:21:06 IST" duration-ms="4224" status="PASS">
          <reporter-output>
          </reporter-output>
        </test-method> <!-- setUp -->
        <test-method signature="testWebLogin()[pri:0, instance:com.saucedemo.automation.SauceDemoProject.LoginTest@6302bbb1]" started-at="2026-05-21T00:21:06 IST" name="testWebLogin" finished-at="2026-05-21T00:21:12 IST" duration-ms="5782" status="PASS">
          <reporter-output>
          </reporter-output>
        </test-method> <!-- testWebLogin -->
        <test-method is-config="true" signature="tearDown()[pri:0, instance:com.saucedemo.automation.SauceDemoProject.LoginTest@6302bbb1]" started-at="2026-05-21T00:21:12 IST" name="tearDown" finished-at="2026-05-21T00:21:13 IST" duration-ms="235" status="PASS">
          <reporter-output>
          </reporter-output>
        </test-method> <!-- tearDown -->
      </class> <!-- com.saucedemo.automation.SauceDemoProject.LoginTest -->
    </test> <!-- Default test -->
  </suite> <!-- Default suite -->
</testng-results>
